SF:C:\Users\New\.nuget\packages\microsoft.net.test.sdk\18.0.1\build\net8.0\Microsoft.NET.Test.Sdk.Program.cs
FN:3,System.Void AutoGeneratedProgram::Main(System.String[])
FNDA:0,System.Void AutoGeneratedProgram::Main(System.String[])
DA:4,0
LF:1
LH:0
BRF:0
BRH:0
FNF:1
FNH:0
end_of_record
SF:I:\Институт\ИКИТ СФУ\3й курс\Тестирование ПО\Практическая 4\PackageManager\tests\Unit\PackageRepositoryTest.cs
FN:16,System.Void PackageManager.Tests.Unit.PackageRepositoryTests::Add_NewPackage_PackageExistsInRepository()
FNDA:1,System.Void PackageManager.Tests.Unit.PackageRepositoryTests::Add_NewPackage_PackageExistsInRepository()
DA:17,1
DA:18,1
DA:19,1
DA:20,1
DA:21,1
DA:23,1
DA:25,1
DA:26,1
FN:29,System.Void PackageManager.Tests.Unit.PackageRepositoryTests::Update_NewerVersion_ReplacesOld()
FNDA:1,System.Void PackageManager.Tests.Unit.PackageRepositoryTests::Update_NewerVersion_ReplacesOld()
DA:30,1
DA:31,1
DA:32,1
DA:33,1
DA:34,1
DA:35,1
DA:37,1
DA:38,1
DA:40,1
DA:42,1
DA:43,1
DA:44,1
DA:46,1
LF:21
LH:21
BRF:0
BRH:0
FNF:2
FNH:2
end_of_record
SF:I:\Институт\ИКИТ СФУ\3й курс\Тестирование ПО\Практическая 4\PackageManager\tests\Unit\PackageVersionTests.cs
FN:10,System.Void PackageManager.Tests.Unit.PackageVersionTests::Create_ValidVersion_NoException()
FNDA:1,System.Void PackageManager.Tests.Unit.PackageVersionTests::Create_ValidVersion_NoException()
DA:11,1
DA:12,1
DA:13,1
DA:14,1
DA:15,1
DA:16,2
DA:17,1
FN:20,System.Void PackageManager.Tests.Unit.PackageVersionTests::CompareTo_SameVersion_ReturnsZero()
FNDA:1,System.Void PackageManager.Tests.Unit.PackageVersionTests::CompareTo_SameVersion_ReturnsZero()
DA:21,1
DA:22,1
DA:23,1
DA:25,1
DA:26,1
LF:12
LH:12
BRF:0
BRH:0
FNF:2
FNH:2
end_of_record
SF:I:\Институт\ИКИТ СФУ\3й курс\Тестирование ПО\Практическая 4\PackageManager\tests\Unit\PakageTests.cs
FN:11,System.Void PackageManager.Tests.Unit.PackageTests::CompareTo_LowerVersion_ReturnsMinusOne()
FNDA:1,System.Void PackageManager.Tests.Unit.PackageTests::CompareTo_LowerVersion_ReturnsMinusOne()
DA:12,1
DA:13,1
DA:14,1
DA:16,1
DA:18,1
DA:19,1
FN:22,System.Void PackageManager.Tests.Unit.PackageTests::Equals_SameNameAndVersion_ReturnsTrue()
FNDA:1,System.Void PackageManager.Tests.Unit.PackageTests::Equals_SameNameAndVersion_ReturnsTrue()
DA:23,1
DA:24,1
DA:25,1
DA:27,1
DA:29,1
LF:11
LH:11
BRF:0
BRH:0
FNF:2
FNH:2
end_of_record
SF:I:\Институт\ИКИТ СФУ\3й курс\Тестирование ПО\Практическая 4\PackageManager\tests\System\CommandsTests.cs
FN:15,System.Void PackageManager.Tests.System.CommandsTests::InstallCommand_Execute_CallsInstaller()
FNDA:1,System.Void PackageManager.Tests.System.CommandsTests::InstallCommand_Execute_CallsInstaller()
DA:16,1
DA:17,1
DA:18,1
DA:19,1
DA:20,1
DA:21,1
DA:23,1
DA:25,1
DA:27,1
DA:28,1
LF:10
LH:10
BRF:0
BRH:0
FNF:1
FNH:1
end_of_record
SF:I:\Институт\ИКИТ СФУ\3й курс\Тестирование ПО\Практическая 4\PackageManager\tests\Integration\PackageInstallerTest.cs
FN:16,System.Void PackageManager.Tests.Integration.PackageInstallerTests::Install_PerformOperation_CallsDownloader()
FNDA:1,System.Void PackageManager.Tests.Integration.PackageInstallerTests::Install_PerformOperation_CallsDownloader()
DA:17,1
DA:18,1
DA:19,1
DA:20,1
DA:22,1
DA:23,1
DA:24,1
DA:26,1
DA:28,1
DA:29,1
DA:30,1
DA:31,1
DA:33,1
DA:34,1
DA:36,1
DA:37,1
LF:16
LH:16
BRF:0
BRH:0
FNF:1
FNH:1
end_of_record
SF:I:\Институт\ИКИТ СФУ\3й курс\Тестирование ПО\Практическая 4\PackageManager\Repositories\PackageRepository.cs
FN:36,System.Void PackageManager.Repositories.PackageRepository::Add(PackageManager.Models.Contracts.IPackage)
FNDA:2,System.Void PackageManager.Repositories.PackageRepository::Add(PackageManager.Models.Contracts.IPackage)
DA:37,2
DA:38,2
DA:39,0
DA:40,0
DA:43,2
DA:45,2
DA:46,2
DA:47,2
DA:48,2
DA:49,2
DA:52,0
DA:53,0
DA:54,0
DA:55,0
DA:56,0
DA:57,0
DA:59,0
DA:60,0
DA:61,0
DA:62,0
DA:64,0
DA:65,0
DA:66,0
DA:67,0
DA:69,2
BRDA:38,25,0,0
BRDA:38,25,1,2
BRDA:45,69,0,2
BRDA:45,69,1,0
BRDA:52,147,0,0
BRDA:52,147,1,0
BRDA:59,238,0,0
BRDA:59,238,1,0
FN:71,PackageManager.Models.Contracts.IPackage PackageManager.Repositories.PackageRepository::Delete(PackageManager.Models.Contracts.IPackage)
FNDA:0,PackageManager.Models.Contracts.IPackage PackageManager.Repositories.PackageRepository::Delete(PackageManager.Models.Contracts.IPackage)
DA:72,0
DA:73,0
DA:74,0
DA:75,0
DA:78,0
DA:80,0
DA:81,0
DA:82,0
DA:83,0
DA:86,0
DA:88,0
DA:89,0
DA:90,0
DA:91,0
DA:92,0
DA:93,0
DA:95,0
DA:96,0
DA:97,0
BRDA:73,25,0,0
BRDA:73,25,1,0
BRDA:80,71,0,0
BRDA:80,71,1,0
BRDA:88,191,0,0
BRDA:88,191,1,0
FN:99,System.Boolean PackageManager.Repositories.PackageRepository::Update(PackageManager.Models.Contracts.IPackage)
FNDA:1,System.Boolean PackageManager.Repositories.PackageRepository::Update(PackageManager.Models.Contracts.IPackage)
DA:100,1
DA:101,1
DA:102,0
DA:103,0
DA:106,1
DA:107,2
DA:109,1
DA:110,0
DA:111,0
DA:112,0
DA:115,1
DA:116,1
DA:117,1
DA:118,1
DA:121,0
DA:122,0
DA:123,0
DA:124,0
DA:128,0
DA:129,0
DA:130,0
DA:132,1
BRDA:101,25,0,0
BRDA:101,25,1,1
BRDA:109,69,0,0
BRDA:109,69,1,1
BRDA:115,135,0,1
BRDA:115,135,1,0
BRDA:121,180,0,0
BRDA:121,180,1,0
FN:135,System.Collections.Generic.IEnumerable`1<PackageManager.Models.Contracts.IPackage> PackageManager.Repositories.PackageRepository::GetAll()
FNDA:2,System.Collections.Generic.IEnumerable`1<PackageManager.Models.Contracts.IPackage> PackageManager.Repositories.PackageRepository::GetAll()
DA:136,2
DA:138,2
DA:140,2
DA:141,2
DA:142,2
FN:145,System.Void PackageManager.Repositories.PackageRepository::AddPackage()
FNDA:2,System.Void PackageManager.Repositories.PackageRepository::AddPackage()
DA:146,2
DA:147,2
DA:148,2
FN:16,System.Void PackageManager.Repositories.PackageRepository::.ctor(PackageManager.Info.Contracts.ILogger,System.Collections.Generic.ICollection`1<PackageManager.Models.Contracts.IPackage>)
FNDA:2,System.Void PackageManager.Repositories.PackageRepository::.ctor(PackageManager.Info.Contracts.ILogger,System.Collections.Generic.ICollection`1<PackageManager.Models.Contracts.IPackage>)
DA:17,2
DA:18,2
DA:19,2
DA:20,0
DA:21,0
DA:24,2
DA:26,2
DA:27,0
DA:28,0
DA:29,0
DA:31,2
DA:32,2
DA:33,2
DA:34,2
BRDA:19,14,0,0
BRDA:19,14,1,2
BRDA:26,36,0,0
BRDA:26,36,1,2
LF:88
LH:36
BRF:26
BRH:7
FNF:6
FNH:5
end_of_record
SF:I:\Институт\ИКИТ СФУ\3й курс\Тестирование ПО\Практическая 4\PackageManager\Models\Package.cs
FN:34,System.Collections.Generic.ICollection`1<PackageManager.Models.Contracts.IPackage> PackageManager.Models.Package::get_Dependencies()
FNDA:12,System.Collections.Generic.ICollection`1<PackageManager.Models.Contracts.IPackage> PackageManager.Models.Package::get_Dependencies()
DA:35,12
FN:36,System.String PackageManager.Models.Package::get_Name()
FNDA:24,System.String PackageManager.Models.Package::get_Name()
DA:37,24
FN:38,System.String PackageManager.Models.Package::get_Url()
FNDA:12,System.String PackageManager.Models.Package::get_Url()
DA:39,12
FN:40,PackageManager.Models.Contracts.IVersion PackageManager.Models.Package::get_Version()
FNDA:82,PackageManager.Models.Contracts.IVersion PackageManager.Models.Package::get_Version()
DA:41,82
FN:43,System.Int32 PackageManager.Models.Package::CompareTo(PackageManager.Models.Contracts.IPackage)
FNDA:2,System.Int32 PackageManager.Models.Package::CompareTo(PackageManager.Models.Contracts.IPackage)
DA:44,2
DA:45,2
DA:46,0
DA:47,0
DA:50,2
DA:51,0
DA:52,0
DA:55,2
DA:56,2
DA:58,2
DA:59,1
DA:60,1
DA:62,1
DA:63,1
DA:64,1
DA:67,0
DA:68,0
DA:70,2
BRDA:45,7,0,0
BRDA:45,7,1,2
BRDA:50,40,0,0
BRDA:50,40,1,2
BRDA:58,177,0,1
BRDA:58,177,1,1
BRDA:62,193,0,1
BRDA:62,193,1,0
FN:72,System.Boolean PackageManager.Models.Package::Equals(System.Object)
FNDA:1,System.Boolean PackageManager.Models.Package::Equals(System.Object)
DA:73,1
DA:74,1
DA:75,0
DA:76,0
DA:79,1
DA:80,0
DA:81,0
DA:84,1
DA:86,1
DA:87,1
DA:88,1
DA:89,1
DA:90,1
DA:91,1
BRDA:74,7,0,0
BRDA:74,7,1,1
BRDA:79,30,0,0
BRDA:79,30,1,1
BRDA:86,68,0,1
BRDA:86,92,0,1
BRDA:86,116,0,1
BRDA:86,140,0,1
BRDA:86,68,1,0
BRDA:86,92,1,0
BRDA:86,116,1,0
BRDA:86,140,1,0
FN:93,System.Int32 PackageManager.Models.Package::GetHashCode()
FNDA:0,System.Int32 PackageManager.Models.Package::GetHashCode()
DA:94,0
DA:95,0
DA:96,0
FN:8,System.Void PackageManager.Models.Package::.ctor(System.String,PackageManager.Models.Contracts.IVersion,System.Collections.Generic.ICollection`1<PackageManager.Models.Contracts.IPackage>)
FNDA:11,System.Void PackageManager.Models.Package::.ctor(System.String,PackageManager.Models.Contracts.IVersion,System.Collections.Generic.ICollection`1<PackageManager.Models.Contracts.IPackage>)
DA:9,11
DA:10,11
DA:11,11
DA:12,0
DA:13,0
DA:16,11
DA:17,0
DA:18,0
DA:21,11
DA:22,11
DA:23,11
DA:24,11
DA:26,0
DA:27,0
DA:28,0
DA:30,11
DA:31,11
DA:32,11
DA:33,11
BRDA:11,14,0,0
BRDA:11,14,1,11
BRDA:16,29,0,0
BRDA:16,29,1,11
BRDA:21,44,0,11
BRDA:21,44,1,0
LF:58
LH:38
BRF:26
BRH:14
FNF:8
FNH:7
end_of_record
SF:I:\Институт\ИКИТ СФУ\3й курс\Тестирование ПО\Практическая 4\PackageManager\Models\PackageVersion.cs
FN:24,System.Int32 PackageManager.Models.PackageVersion::get_Major()
FNDA:20,System.Int32 PackageManager.Models.PackageVersion::get_Major()
DA:25,20
DA:26,20
DA:27,20
FN:28,System.Void PackageManager.Models.PackageVersion::set_Major(System.Int32)
FNDA:14,System.Void PackageManager.Models.PackageVersion::set_Major(System.Int32)
DA:29,14
DA:30,14
DA:31,0
DA:32,0
DA:35,14
DA:36,14
BRDA:30,7,0,0
BRDA:30,7,1,14
FN:39,System.Int32 PackageManager.Models.PackageVersion::CompareTo(PackageManager.Models.PackageVersion)
FNDA:1,System.Int32 PackageManager.Models.PackageVersion::CompareTo(PackageManager.Models.PackageVersion)
DA:40,1
DA:41,1
DA:44,1
DA:45,0
DA:48,1
DA:49,0
DA:52,1
DA:53,0
DA:56,1
DA:57,1
BRDA:41,7,0,0
BRDA:41,7,1,1
BRDA:44,35,0,0
BRDA:44,35,1,1
BRDA:48,81,0,0
BRDA:48,81,1,1
BRDA:52,127,0,0
BRDA:52,127,1,1
FN:61,System.Int32 PackageManager.Models.PackageVersion::get_Minor()
FNDA:20,System.Int32 PackageManager.Models.PackageVersion::get_Minor()
DA:62,20
DA:63,20
DA:64,20
FN:65,System.Void PackageManager.Models.PackageVersion::set_Minor(System.Int32)
FNDA:14,System.Void PackageManager.Models.PackageVersion::set_Minor(System.Int32)
DA:66,14
DA:67,14
DA:68,0
DA:69,0
DA:72,14
DA:73,14
BRDA:67,7,0,0
BRDA:67,7,1,14
FN:77,System.Int32 PackageManager.Models.PackageVersion::get_Patch()
FNDA:20,System.Int32 PackageManager.Models.PackageVersion::get_Patch()
DA:78,20
DA:79,20
DA:80,20
FN:81,System.Void PackageManager.Models.PackageVersion::set_Patch(System.Int32)
FNDA:14,System.Void PackageManager.Models.PackageVersion::set_Patch(System.Int32)
DA:82,14
DA:83,14
DA:84,0
DA:85,0
DA:88,14
DA:89,14
BRDA:83,7,0,0
BRDA:83,7,1,14
FN:94,PackageManager.Enums.VersionType PackageManager.Models.PackageVersion::get_VersionType()
FNDA:19,PackageManager.Enums.VersionType PackageManager.Models.PackageVersion::get_VersionType()
DA:95,19
DA:96,19
DA:97,19
FN:98,System.Void PackageManager.Models.PackageVersion::set_VersionType(PackageManager.Enums.VersionType)
FNDA:14,System.Void PackageManager.Models.PackageVersion::set_VersionType(PackageManager.Enums.VersionType)
DA:99,14
DA:100,14
DA:101,0
DA:102,0
DA:105,14
DA:106,14
BRDA:100,27,0,0
BRDA:100,27,1,14
FN:13,System.Void PackageManager.Models.PackageVersion::.ctor(System.Int32,System.Int32,System.Int32,PackageManager.Enums.VersionType)
FNDA:14,System.Void PackageManager.Models.PackageVersion::.ctor(System.Int32,System.Int32,System.Int32,PackageManager.Enums.VersionType)
DA:14,14
DA:15,14
DA:16,14
DA:17,14
DA:18,14
DA:19,14
DA:20,14
LF:53
LH:42
BRF:16
BRH:8
FNF:10
FNH:10
end_of_record
SF:I:\Институт\ИКИТ СФУ\3й курс\Тестирование ПО\Практическая 4\PackageManager\Models\Project.cs
FN:35,System.String PackageManager.Models.Project::get_Location()
FNDA:0,System.String PackageManager.Models.Project::get_Location()
DA:36,0
FN:38,System.String PackageManager.Models.Project::get_Name()
FNDA:0,System.String PackageManager.Models.Project::get_Name()
DA:39,0
FN:40,PackageManager.Repositories.Contracts.IRepository`1<PackageManager.Models.Contracts.IPackage> PackageManager.Models.Project::get_PackageRepository()
FNDA:0,PackageManager.Repositories.Contracts.IRepository`1<PackageManager.Models.Contracts.IPackage> PackageManager.Models.Project::get_PackageRepository()
DA:41,0
FN:10,System.Void PackageManager.Models.Project::.ctor(System.String,System.String,PackageManager.Repositories.Contracts.IRepository`1<PackageManager.Models.Contracts.IPackage>)
FNDA:0,System.Void PackageManager.Models.Project::.ctor(System.String,System.String,PackageManager.Repositories.Contracts.IRepository`1<PackageManager.Models.Contracts.IPackage>)
DA:11,0
DA:12,0
DA:13,0
DA:14,0
DA:15,0
DA:18,0
DA:19,0
DA:20,0
DA:23,0
DA:24,0
DA:25,0
DA:26,0
DA:28,0
DA:29,0
DA:30,0
DA:32,0
DA:33,0
DA:34,0
BRDA:13,14,0,0
BRDA:13,14,1,0
BRDA:18,29,0,0
BRDA:18,29,1,0
BRDA:23,44,0,0
BRDA:23,44,1,0
LF:21
LH:0
BRF:6
BRH:0
FNF:4
FNH:0
end_of_record
SF:I:\Институт\ИКИТ СФУ\3й курс\Тестирование ПО\Практическая 4\PackageManager\Info\ConsoleLogger.cs
FN:8,System.Void PackageManager.Info.ConsoleLogger::Log(System.String)
FNDA:0,System.Void PackageManager.Info.ConsoleLogger::Log(System.String)
DA:9,0
DA:10,0
DA:11,0
LF:3
LH:0
BRF:0
BRH:0
FNF:1
FNH:0
end_of_record
SF:I:\Институт\ИКИТ СФУ\3й курс\Тестирование ПО\Практическая 4\PackageManager\Core\PackageDownloader.cs
FN:19,System.String PackageManager.Core.PackageDownloader::get_Location()
FNDA:0,System.String PackageManager.Core.PackageDownloader::get_Location()
DA:20,0
FN:22,System.Void PackageManager.Core.PackageDownloader::Download(System.String)
FNDA:0,System.Void PackageManager.Core.PackageDownloader::Download(System.String)
DA:23,0
DA:24,0
DA:25,0
DA:26,0
DA:29,0
DA:30,0
BRDA:24,7,0,0
BRDA:24,7,1,0
FN:32,System.Void PackageManager.Core.PackageDownloader::Remove(System.String)
FNDA:0,System.Void PackageManager.Core.PackageDownloader::Remove(System.String)
DA:33,0
DA:34,0
DA:35,0
DA:36,0
DA:39,0
DA:40,0
BRDA:34,7,0,0
BRDA:34,7,1,0
FN:9,System.Void PackageManager.Core.PackageDownloader::.ctor(PackageManager.Core.Contracts.IManager)
FNDA:0,System.Void PackageManager.Core.PackageDownloader::.ctor(PackageManager.Core.Contracts.IManager)
DA:10,0
DA:11,0
DA:12,0
DA:13,0
DA:14,0
DA:17,0
DA:18,0
BRDA:12,14,0,0
BRDA:12,14,1,0
LF:20
LH:0
BRF:6
BRH:0
FNF:4
FNH:0
end_of_record
SF:I:\Институт\ИКИТ СФУ\3й курс\Тестирование ПО\Практическая 4\PackageManager\Core\PackageInstaller.cs
FN:23,System.Void PackageManager.Core.PackageInstaller::RestorePackages()
FNDA:1,System.Void PackageManager.Core.PackageInstaller::RestorePackages()
DA:24,1
DA:25,3
DA:26,0
DA:27,0
DA:28,0
DA:29,0
DA:30,1
BRDA:25,57,1,0
BRDA:25,57,0,1
FN:34,System.String PackageManager.Core.PackageInstaller::get_BasicFolder()
FNDA:1,System.String PackageManager.Core.PackageInstaller::get_BasicFolder()
DA:35,1
DA:36,1
DA:37,1
FN:39,PackageManager.Enums.InstallerOperation PackageManager.Core.PackageInstaller::get_Operation()
FNDA:2,PackageManager.Enums.InstallerOperation PackageManager.Core.PackageInstaller::get_Operation()
DA:40,2
FN:42,System.Void PackageManager.Core.PackageInstaller::PerformOperation(PackageManager.Models.Contracts.IPackage)
FNDA:1,System.Void PackageManager.Core.PackageInstaller::PerformOperation(PackageManager.Models.Contracts.IPackage)
DA:43,1
DA:44,1
DA:48,1
DA:50,1
DA:51,1
DA:52,1
DA:54,2
DA:55,0
DA:56,0
DA:58,0
DA:59,0
DA:61,1
DA:65,0
DA:67,0
DA:69,0
DA:70,0
DA:71,0
DA:73,0
DA:74,0
DA:76,0
DA:79,0
DA:81,0
DA:82,0
DA:83,0
DA:84,0
DA:85,0
DA:86,0
DA:88,0
DA:89,0
DA:90,0
DA:92,0
DA:93,0
DA:95,0
DA:98,0
DA:100,1
BRDA:44,11,1,1
BRDA:54,177,1,0
BRDA:44,11,2,0
BRDA:69,276,1,0
BRDA:44,11,3,0
BRDA:81,306,0,0
BRDA:81,306,1,0
BRDA:88,436,1,0
BRDA:44,11,0,0
BRDA:54,177,0,1
BRDA:69,276,0,1
BRDA:88,436,0,1
FN:13,System.Void PackageManager.Core.PackageInstaller::.ctor(PackageManager.Core.Contracts.IDownloader,PackageManager.Models.Contracts.IProject)
FNDA:1,System.Void PackageManager.Core.PackageInstaller::.ctor(PackageManager.Core.Contracts.IDownloader,PackageManager.Models.Contracts.IProject)
DA:14,1
DA:15,1
DA:16,1
DA:17,1
DA:18,1
DA:20,1
DA:21,1
LF:53
LH:23
BRF:14
BRH:5
FNF:5
FNH:5
end_of_record
SF:I:\Институт\ИКИТ СФУ\3й курс\Тестирование ПО\Практическая 4\PackageManager\Commands\InstallCommand.cs
FN:31,System.Void PackageManager.Commands.InstallCommand::Execute()
FNDA:1,System.Void PackageManager.Commands.InstallCommand::Execute()
DA:32,1
DA:33,1
DA:34,1
FN:13,System.Void PackageManager.Commands.InstallCommand::.ctor(PackageManager.Core.Contracts.IInstaller`1<PackageManager.Models.Contracts.IPackage>,PackageManager.Models.Contracts.IPackage)
FNDA:1,System.Void PackageManager.Commands.InstallCommand::.ctor(PackageManager.Core.Contracts.IInstaller`1<PackageManager.Models.Contracts.IPackage>,PackageManager.Models.Contracts.IPackage)
DA:14,1
DA:15,1
DA:16,1
DA:17,0
DA:18,0
DA:21,1
DA:22,0
DA:23,0
DA:26,1
DA:27,1
DA:28,1
DA:29,1
BRDA:16,14,0,0
BRDA:16,14,1,1
BRDA:21,29,0,0
BRDA:21,29,1,1
LF:15
LH:11
BRF:4
BRH:2
FNF:2
FNH:2
end_of_record
SF:I:\Институт\ИКИТ СФУ\3й курс\Тестирование ПО\Практическая 4\PackageManager\Commands\UninstallCommand.cs
FN:31,System.Void PackageManager.Commands.UninstallCommand::Execute()
FNDA:0,System.Void PackageManager.Commands.UninstallCommand::Execute()
DA:32,0
DA:33,0
DA:34,0
FN:13,System.Void PackageManager.Commands.UninstallCommand::.ctor(PackageManager.Core.Contracts.IInstaller`1<PackageManager.Models.Contracts.IPackage>,PackageManager.Models.Contracts.IPackage)
FNDA:0,System.Void PackageManager.Commands.UninstallCommand::.ctor(PackageManager.Core.Contracts.IInstaller`1<PackageManager.Models.Contracts.IPackage>,PackageManager.Models.Contracts.IPackage)
DA:14,0
DA:15,0
DA:16,0
DA:17,0
DA:18,0
DA:21,0
DA:22,0
DA:23,0
DA:26,0
DA:27,0
DA:28,0
DA:29,0
BRDA:16,14,0,0
BRDA:16,14,1,0
BRDA:21,29,0,0
BRDA:21,29,1,0
LF:15
LH:0
BRF:4
BRH:0
FNF:2
FNH:0
end_of_record
SF:I:\Институт\ИКИТ СФУ\3й курс\Тестирование ПО\Практическая 4\PackageManager\Commands\UpdateCommand.cs
FN:31,System.Void PackageManager.Commands.UpdateCommand::Execute()
FNDA:0,System.Void PackageManager.Commands.UpdateCommand::Execute()
DA:32,0
DA:33,0
DA:34,0
FN:13,System.Void PackageManager.Commands.UpdateCommand::.ctor(PackageManager.Core.Contracts.IInstaller`1<PackageManager.Models.Contracts.IPackage>,PackageManager.Models.Contracts.IPackage)
FNDA:0,System.Void PackageManager.Commands.UpdateCommand::.ctor(PackageManager.Core.Contracts.IInstaller`1<PackageManager.Models.Contracts.IPackage>,PackageManager.Models.Contracts.IPackage)
DA:14,0
DA:15,0
DA:16,0
DA:17,0
DA:18,0
DA:21,0
DA:22,0
DA:23,0
DA:26,0
DA:27,0
DA:28,0
DA:29,0
BRDA:16,14,0,0
BRDA:16,14,1,0
BRDA:21,29,0,0
BRDA:21,29,1,0
LF:15
LH:0
BRF:4
BRH:0
FNF:2
FNH:0
end_of_record